0 info it worked if it ends with ok
1 verbose cli [ 'C:\\Program Files\\nodejs\\node.exe',
1 verbose cli   'C:\\Program Files\\nodejs\\node_modules\\npm\\bin\\npm-cli.js',
1 verbose cli   'run',
1 verbose cli   'buildck' ]
2 info using npm@3.10.10
3 info using node@v6.10.2
4 verbose run-script [ 'prebuildck', 'buildck', 'postbuildck' ]
5 info lifecycle wkidt-new-ui@0.0.0~prebuildck: wkidt-new-ui@0.0.0
6 silly lifecycle wkidt-new-ui@0.0.0~prebuildck: no script for prebuildck, continuing
7 info lifecycle wkidt-new-ui@0.0.0~buildck: wkidt-new-ui@0.0.0
8 verbose lifecycle wkidt-new-ui@0.0.0~buildck: unsafe-perm in lifecycle true
9 verbose lifecycle wkidt-new-ui@0.0.0~buildck: PATH: C:\Program Files\nodejs\node_modules\npm\bin\node-gyp-bin;D:\working\wkidt-react-ui\node_modules\.bin;C:\windows\system32;C:\windows;C:\windows\System32\Wbem;C:\windows\System32\WindowsPowerShell\v1.0\;C:\Program Files\Git\cmd;C:\Program Files\TortoiseGit\bin;C:\Program Files (x86)\Windows Kits\8.1\Windows Performance Toolkit\;C:\Program Files\Microsoft SQL Server\110\Tools\Binn\;C:\Program Files\Microsoft SQL Server\Client SDK\ODBC\130\Tools\Binn\;C:\Program Files (x86)\Microsoft SQL Server\130\Tools\Binn\;C:\Program Files\Microsoft SQL Server\130\Tools\Binn\;C:\Program Files\Microsoft SQL Server\130\DTS\Binn\;C:\Program Files (x86)\Microsoft SQL Server\Client SDK\ODBC\130\Tools\Binn\;C:\Program Files (x86)\Microsoft SQL Server\130\DTS\Binn\;C:\Program Files (x86)\Microsoft SQL Server\130\Tools\Binn\ManagementStudio\;C:\Program Files\TortoiseSVN\bin;C:\Program Files\nodejs\;C:\Users\Administrator\AppData\Local\Microsoft\WindowsApps;C:\Program Files (x86)\Microsoft VS Code\bin;C:\Python27;C:\Users\Administrator\AppData\Roaming\npm
10 verbose lifecycle wkidt-new-ui@0.0.0~buildck: CWD: D:\working\wkidt-react-ui
11 silly lifecycle wkidt-new-ui@0.0.0~buildck: Args: [ '/d /s /c', 'webpack --progress --colors --watch --ck' ]
12 silly lifecycle wkidt-new-ui@0.0.0~buildck: Returned: code: 3221225786  signal: null
13 info lifecycle wkidt-new-ui@0.0.0~buildck: Failed to exec buildck script
14 verbose stack Error: wkidt-new-ui@0.0.0 buildck: `webpack --progress --colors --watch --ck`
14 verbose stack Exit status 3221225786
14 verbose stack     at EventEmitter.<anonymous> (C:\Program Files\nodejs\node_modules\npm\lib\utils\lifecycle.js:255:16)
14 verbose stack     at emitTwo (events.js:106:13)
14 verbose stack     at EventEmitter.emit (events.js:191:7)
14 verbose stack     at ChildProcess.<anonymous> (C:\Program Files\nodejs\node_modules\npm\lib\utils\spawn.js:40:14)
14 verbose stack     at emitTwo (events.js:106:13)
14 verbose stack     at ChildProcess.emit (events.js:191:7)
14 verbose stack     at maybeClose (internal/child_process.js:886:16)
14 verbose stack     at Process.ChildProcess._handle.onexit (internal/child_process.js:226:5)
15 verbose pkgid wkidt-new-ui@0.0.0
16 verbose cwd D:\working\wkidt-react-ui
17 error Windows_NT 10.0.14393
18 error argv "C:\\Program Files\\nodejs\\node.exe" "C:\\Program Files\\nodejs\\node_modules\\npm\\bin\\npm-cli.js" "run" "buildck"
19 error node v6.10.2
20 error npm  v3.10.10
21 error code ELIFECYCLE
22 error wkidt-new-ui@0.0.0 buildck: `webpack --progress --colors --watch --ck`
22 error Exit status 3221225786
23 error Failed at the wkidt-new-ui@0.0.0 buildck script 'webpack --progress --colors --watch --ck'.
23 error Make sure you have the latest version of node.js and npm installed.
23 error If you do, this is most likely a problem with the wkidt-new-ui package,
23 error not with npm itself.
23 error Tell the author that this fails on your system:
23 error     webpack --progress --colors --watch --ck
23 error You can get information on how to open an issue for this project with:
23 error     npm bugs wkidt-new-ui
23 error Or if that isn't available, you can get their info via:
23 error     npm owner ls wkidt-new-ui
23 error There is likely additional logging output above.
24 verbose exit [ 1, true ]
